New log file opened at Sat Mar 21 17:57:45 JST 2015 by 1195@minami
jvm 1195@minami
jvm vmName=Java HotSpot(TM) 64-Bit Server VM vmVendor=Oracle Corporation vmVersion=24.76-b04
jvm specName=Java Virtual Machine Specification specVendor=Oracle Corporation specVersion=1.7
jvm arguments: [-Xms256m, -Xmx1024m, -XX:PermSize=64m, -XX:MaxPermSize=256m]
Starting event engine
Starting sbt command engine
Waiting for sbt command engine
Command engine arguments=List()
Command engine baseDirectory=/Users/Minami/todolist
Command engine initial remaining commands List(--initialize, onFailure load-failed, boot, server-send-ready-for-request, server-handle-next-server-request)
> --initialize
> initialize
> onFailure load-failed
> boot
> reload
[Loading] Scanning directory /Users/Minami/todolist/project
[/Users/Minami/todolist/project/play-fork-run.sbt]:3: illegal character '\u3000'
> load-failed
Failed to load project.
> server-wait-for-reboot
Done executing sbt server engine, result Right(Exit(0))
Closing listening server socket
Waiting for socket thread
Waiting for request processor thread
Waiting for command engine result
Returning control to sbt launcher with result Exit(0)
Closing the 1195@minami logs at Sat Mar 21 17:57:58 JST 2015, goodbye.
